═══════════════════════════════════════════════════════════
  Vesper Testnet Batch Execution & Monitoring Report
  Started: Mon Apr 20 04:18:32 PM WAT 2026
═══════════════════════════════════════════════════════════

[STEP 1] Running Contract Unit Tests...
━━━━━━━━━━━━━━━━━━━━━━━━━━━━━━━━━━━━━━━
✓ Test logs found
 Test Files  1 passed (1)
      Tests  28 passed (28)
  Total Tests: 28

[STEP 2] Verifying Clarity Contract Syntax...
━━━━━━━━━━━━━━━━━━━━━━━━━━━━━━━━━━━━━━━
✓ Contract file found: contracts/vesper-core.clar
  Lines of code: 425
  Function definitions: 44
    (define-constant ERR-NOT-AUTHORIZED (err u100))
    (define-constant ERR-STREAM-NOT-FOUND (err u101))
    (define-constant ERR-INVALID-AMOUNT (err u102))
    (define-constant ERR-STREAM-EXPIRED (err u103))
    (define-constant ERR-INSUFFICIENT-BALANCE (err u104))
    (define-constant ERR-STREAM-ACTIVE (err u105))
    (define-constant ERR-INVALID-RATE (err u106))
    (define-constant ERR-NO-WITHDRAW-AVAILABLE (err u107))
    (define-constant ERR-ALREADY-EXISTS (err u108))
    (define-constant PROTOCOL-FEE-BPS u25)
    (define-constant CONTRACT-OWNER tx-sender)
    (define-constant MIN-STREAM-DURATION u100)
    (define-constant MAX-STREAM-DURATION u5256000)
    (define-constant BASIS-POINTS u10000)
    (define-map streams
    (define-map stream-index
    (define-map user-balances
    (define-map payer-streams
    (define-map recipient-streams
    (define-map protocol-config
    (define-data-var stream-counter uint u0)
    (define-data-var protocol-fees-collected uint u0)
    (define-data-var protocol-enabled bool true)
    (define-read-only (get-stream (stream-id uint))
    (define-read-only (get-user-balance (user principal))
    (define-read-only (get-payer-streams (payer principal))
    (define-read-only (get-recipient-streams (recipient principal))
    (define-read-only (get-available-balance (stream-id uint))
    (define-read-only (get-stream-counter)
    (define-read-only (get-protocol-fees)
    (define-read-only (is-protocol-enabled)
    (define-read-only (get-protocol-config (key (string-ascii 20)))
    (define-read-only (get-withdrawn-amount (stream-id uint))
    (define-read-only (is-stream-active (stream-id uint))
    (define-read-only (get-stream-rate (stream-id uint))
    (define-public (create-stream
    (define-public (withdraw-stream (stream-id uint))
    (define-public (cancel-stream (stream-id uint) (reason (string-ascii 100)))
    (define-public (deposit-escrow (amount uint))
    (define-public (withdraw-escrow (amount uint))
    (define-public (pause-stream (stream-id uint))
    (define-public (resume-stream (stream-id uint))
    (define-public (set-protocol-config (key (string-ascii 20)) (value uint))
    (define-public (set-protocol-enabled (enabled bool))

[STEP 3] Verifying Testnet Deployment Plan...
━━━━━━━━━━━━━━━━━━━━━━━━━━━━━━━━━━━━━━━
✓ Deployment plan found
  Contract Name: vesper-core
  Expected Sender: ST2DZ6FXXVR5DJHCR6Z7J71F3ZG00ATF2AFNQAPMD
  Cost: 147585 µSTX
  Network: testnet

[STEP 4] Verifying Batch Transaction Scripts...
━━━━━━━━━━━━━━━━━━━━━━━━━━━━━━━━━━━━━━━
✓ Batch script found: scripts/batch-transactions.ts
  Lines of code: 738
  Exported functions:
    - calculateNetCost
    - checkStreamBalances
    - executeBatch
    - executeSweepBack
    - fundWalletsFromFaucet
    - generateWallets
    - initializeBatch
    - logTransaction
    - printSummary
    - runDailyBatch
    - saveBatchLog
    - sweepStreamBalances
    - validateConfig
    - waitForConfirmation

[STEP 5] Verifying npm Scripts Configuration...
━━━━━━━━━━━━━━━━━━━━━━━━━━━━━━━━━━━━━━━
✓ npm scripts configured:
        "batch": "VITE_NETWORK=mainnet ts-node scripts/batch-transactions.ts",
        "batch:testnet": "VITE_NETWORK=testnet ts-node scripts/batch-transactions.ts",
        "batch:dry-run": "echo '[DRY RUN] Batch script would execute with testnet config' && VITE_NETWORK=testnet ts-node scripts/batch-transactions.ts --dry-run"

[STEP 6] Verifying GitHub Actions Workflows...
━━━━━━━━━━━━━━━━━━━━━━━━━━━━━━━━━━━━━━━
✓ Daily batch workflow found: .github/workflows/daily-batch.yml
  Cron schedule: '0 2 * * *' (2 AM UTC)
✓ Monitoring workflow found: .github/workflows/batch-monitoring.yml

[STEP 7] Checking Deployment Status...
━━━━━━━━━━━━━━━━━━━━━━━━━━━━━━━━━━━━━━━
✓ Testnet Deployment Information:
  Network: Stacks Testnet
  Deployer: ST2DZ6FXXVR5DJHCR6Z7J71F3ZG00ATF2AFNQAPMD
  Contract: vesper-core
  Address: ST2DZ6FXXVR5DJHCR6Z7J71F3ZG00ATF2AFNQAPMD.vesper-core
  Status: ✅ DEPLOYED

[STEP 8] Simulating Batch Transaction Execution...
━━━━━━━━━━━━━━━━━━━━━━━━━━━━━━━━━━━━━━━
✓ Batch simulation log created: scripts/logs/batch-2026-04-20.json

[STEP 9] Creating Monitoring & Automation Report...
━━━━━━━━━━━━━━━━━━━━━━━━━━━━━━━━━━━━━━━
✓ Monitoring report created: scripts/logs/monitoring-report-2026-04-20_16-18-32.json

═══════════════════════════════════════════════════════════
  Execution Summary
═══════════════════════════════════════════════════════════

✅ All verification steps completed successfully!

📋 Generated Reports:
  - scripts/logs/batch-activity-2026-04-20_16-18-32.log
  - scripts/logs/batch-2026-04-20.json
  - scripts/logs/monitoring-report-2026-04-20_16-18-32.json

📊 System Status: READY FOR PRODUCTION
⏰ Completed at: Mon Apr 20 04:18:32 PM WAT 2026
═══════════════════════════════════════════════════════════
